Using pre-set license
Built from '2020.3/staging' branch; Version is '2020.3.19f1 (68f137dc9bbe) revision 6877495'; Using compiler version '192528614'; Build Type 'Release'
OS: 'Windows 10 Home; OS build 19042.1348; Version 2009; 64bit' Language: 'ru' Physical Memory: 7885 MB
BatchMode: 1, IsHumanControllingUs: 0, StartBugReporterOnCrash: 0, Is64bit: 1, IsPro: 0

COMMAND LINE ARGUMENTS:
D:\Program Files\Editor\2020.3.19f1\Editor\Unity.exe
-adb2
-batchMode
-noUpm
-name
AssetImportWorker0
-projectPath
D:/Projects/BookProject
-logFile
Logs/AssetImportWorker0.log
-srvPort
49936
Successfully changed project path to: D:/Projects/BookProject
D:/Projects/BookProject
Using Asset Import Pipeline V2.
Refreshing native plugins compatible for Editor in 44.66 ms, found 2 plugins.
Preloading 0 native plugins for Editor in 0.00 ms.
Initialize engine version: 2020.3.19f1 (68f137dc9bbe)
[Subsystems] Discovering subsystems at path D:/Program Files/Editor/2020.3.19f1/Editor/Data/Resources/UnitySubsystems
[Subsystems] Discovering subsystems at path D:/Projects/BookProject/Assets
GfxDevice: creating device client; threaded=0
Direct3D:
    Version:  Direct3D 11.0 [level 11.1]
    Renderer: NVIDIA GeForce GTX 1050 Ti (ID=0x1c82)
    Vendor:   
    VRAM:     4018 MB
    Driver:   30.0.14.7247
Initialize mono
Mono path[0] = 'D:/Program Files/Editor/2020.3.19f1/Editor/Data/Managed'
Mono path[1] = 'D:/Program Files/Editor/2020.3.19f1/Editor/Data/MonoBleedingEdge/lib/mono/unityjit'
Mono config path = 'D:/Program Files/Editor/2020.3.19f1/Editor/Data/MonoBleedingEdge/etc'
Using monoOptions --debugger-agent=transport=dt_socket,embedding=1,server=y,suspend=n,address=127.0.0.1:56124
Begin MonoManager ReloadAssembly
Registering precompiled unity dll's ...
Register platform support module: D:/Program Files/Editor/2020.3.19f1/Editor/Data/PlaybackEngines/WindowsStandaloneSupport/UnityEditor.WindowsStandalone.Extensions.dll
Registered in 0.001983 seconds.
Native extension for WindowsStandalone target not found
Refreshing native plugins compatible for Editor in 42.17 ms, found 2 plugins.
Preloading 0 native plugins for Editor in 0.00 ms.
Mono: successfully reloaded assembly
- Completed reload, in  1.449 seconds
Domain Reload Profiling:
	ReloadAssembly (1449ms)
		BeginReloadAssembly (82ms)
			ExecutionOrderSort (0ms)
			DisableScriptedObjects (0ms)
			BackupInstance (0ms)
			ReleaseScriptingObjects (0ms)
			CreateAndSetChildDomain (1ms)
		EndReloadAssembly (638ms)
			LoadAssemblies (80ms)
			RebuildTransferFunctionScriptingTraits (0ms)
			SetupTypeCache (252ms)
			ReleaseScriptCaches (0ms)
			RebuildScriptCaches (38ms)
			SetupLoadedEditorAssemblies (247ms)
				LogAssemblyErrors (0ms)
				InitializePlatformSupportModulesInManaged (6ms)
				SetLoadedEditorAssemblies (0ms)
				RefreshPlugins (42ms)
				BeforeProcessingInitializeOnLoad (16ms)
				ProcessInitializeOnLoadAttributes (131ms)
				ProcessInitializeOnLoadMethodAttributes (51ms)
				AfterProcessingInitializeOnLoad (0ms)
				EditorAssembliesLoaded (0ms)
			ExecutionOrderSort2 (0ms)
			AwakeInstancesAfterBackupRestoration (0ms)
Platform modules already initialized, skipping
Registering precompiled user dll's ...
Registered in 0.003368 seconds.
Begin MonoManager ReloadAssembly
Native extension for WindowsStandalone target not found
Refreshing native plugins compatible for Editor in 0.44 ms, found 2 plugins.
Preloading 0 native plugins for Editor in 0.00 ms.
Mono: successfully reloaded assembly
- Completed reload, in  1.569 seconds
Domain Reload Profiling:
	ReloadAssembly (1570ms)
		BeginReloadAssembly (225ms)
			ExecutionOrderSort (0ms)
			DisableScriptedObjects (7ms)
			BackupInstance (0ms)
			ReleaseScriptingObjects (0ms)
			CreateAndSetChildDomain (25ms)
		EndReloadAssembly (1253ms)
			LoadAssemblies (143ms)
			RebuildTransferFunctionScriptingTraits (0ms)
			SetupTypeCache (452ms)
			ReleaseScriptCaches (1ms)
			RebuildScriptCaches (59ms)
			SetupLoadedEditorAssemblies (461ms)
				LogAssemblyErrors (0ms)
				InitializePlatformSupportModulesInManaged (9ms)
				SetLoadedEditorAssemblies (1ms)
				RefreshPlugins (1ms)
				BeforeProcessingInitializeOnLoad (122ms)
				ProcessInitializeOnLoadAttributes (319ms)
				ProcessInitializeOnLoadMethodAttributes (5ms)
				AfterProcessingInitializeOnLoad (4ms)
				EditorAssembliesLoaded (0ms)
			ExecutionOrderSort2 (0ms)
			AwakeInstancesAfterBackupRestoration (8ms)
Platform modules already initialized, skipping
========================================================================
Worker process is ready to serve import requests
Launched and connected shader compiler UnityShaderCompiler.exe after 0.11 seconds
Refreshing native plugins compatible for Editor in 0.48 ms, found 2 plugins.
Preloading 0 native plugins for Editor in 0.00 ms.
Unloading 1412 Unused Serialized files (Serialized files now loaded: 0)
System memory in use before: 65.4 MB.
System memory in use after: 65.4 MB.

Unloading 16 unused Assets to reduce memory usage. Loaded Objects now: 1848.
Total: 4.119800 ms (FindLiveObjects: 0.274600 ms CreateObjectMapping: 0.055100 ms MarkObjects: 3.695300 ms  DeleteObjects: 0.093200 ms)

AssetImportParameters requested are different than current active one (requested -> active):
  custom:framework-win-MediaFoundation: 216162199b28c13a410421893ffa2e32 -> 
  custom:video-decoder-ogg-theora: a1e56fd34408186e4bbccfd4996cb3dc -> 
  custom:container-muxer-webm: aa71ff27fc2769a1b78a27578f13a17b -> 
  custom:container-demuxer-webm: 4f35f7cbe854078d1ac9338744f61a02 -> 
  custom:container-demuxer-ogg: 62fdf1f143b41e24485cea50d1cbac27 -> 
  custom:video-encoder-webm-vp8: eb34c28f22e8b96e1ab97ce403110664 -> 
  custom:video-decoder-webm-vp8: 9c59270c3fd7afecdb556c50c9e8de78 -> 
  custom:audio-decoder-ogg-vorbis: bf7c407c2cedff20999df2af8eb42d56 -> 
  custom:audio-encoder-webm-vorbis: bf7c407c2cedff20999df2af8eb42d56 -> 
========================================================================
Received Import Request.
  path: Assets/Prefabs/HelpPref.prefab
  artifactKey: Guid(ab5c3ad73f0ac3e4ab5e5980d07f321e) Importer(815301076,1909f56bfc062723c751e8b465ee728b)
Start importing Assets/Prefabs/HelpPref.prefab using Guid(ab5c3ad73f0ac3e4ab5e5980d07f321e) Importer(815301076,1909f56bfc062723c751e8b465ee728b)  -> (artifact id: '363b6bb743bb843b8f83bb181de3c83e') in 0.166131 seconds 
  Import took 0.200320 seconds .

========================================================================
Received Import Request.
  Time since last request: 4.518840 seconds.
  path: Assets/Prefabs/HelpPref.prefab
  artifactKey: Guid(ab5c3ad73f0ac3e4ab5e5980d07f321e) Importer(815301076,1909f56bfc062723c751e8b465ee728b)
Start importing Assets/Prefabs/HelpPref.prefab using Guid(ab5c3ad73f0ac3e4ab5e5980d07f321e) Importer(815301076,1909f56bfc062723c751e8b465ee728b)  -> (artifact id: '726c96cc5d67d23f99d5e057bc35c572') in 0.019901 seconds 
  Import took 0.048966 seconds .

========================================================================
Received Import Request.
  Time since last request: 2.359496 seconds.
  path: Assets/Prefabs/HelpPref.prefab
  artifactKey: Guid(ab5c3ad73f0ac3e4ab5e5980d07f321e) Importer(815301076,1909f56bfc062723c751e8b465ee728b)
Start importing Assets/Prefabs/HelpPref.prefab using Guid(ab5c3ad73f0ac3e4ab5e5980d07f321e) Importer(815301076,1909f56bfc062723c751e8b465ee728b)  -> (artifact id: '39ffd37f35e80c1e8b4b28c79ed0e653') in 0.018258 seconds 
  Import took 0.027335 seconds .

========================================================================
Received Import Request.
  Time since last request: 9.564130 seconds.
  path: Assets/Prefabs/HelpPref.prefab
  artifactKey: Guid(ab5c3ad73f0ac3e4ab5e5980d07f321e) Importer(815301076,1909f56bfc062723c751e8b465ee728b)
Start importing Assets/Prefabs/HelpPref.prefab using Guid(ab5c3ad73f0ac3e4ab5e5980d07f321e) Importer(815301076,1909f56bfc062723c751e8b465ee728b)  -> (artifact id: '8d854590d9a340b91f311d587560bee8') in 0.021775 seconds 
  Import took 0.056414 seconds .

========================================================================
Received Import Request.
  Time since last request: 7.995781 seconds.
  path: Assets/Prefabs/HelpPref.prefab
  artifactKey: Guid(ab5c3ad73f0ac3e4ab5e5980d07f321e) Importer(815301076,1909f56bfc062723c751e8b465ee728b)
Start importing Assets/Prefabs/HelpPref.prefab using Guid(ab5c3ad73f0ac3e4ab5e5980d07f321e) Importer(815301076,1909f56bfc062723c751e8b465ee728b)  -> (artifact id: 'e306858acaa37eba93b796a2d513f482') in 0.017051 seconds 
  Import took 0.042752 seconds .

========================================================================
Received Import Request.
  Time since last request: 2.993436 seconds.
  path: Assets/Prefabs/HelpPref.prefab
  artifactKey: Guid(ab5c3ad73f0ac3e4ab5e5980d07f321e) Importer(815301076,1909f56bfc062723c751e8b465ee728b)
Start importing Assets/Prefabs/HelpPref.prefab using Guid(ab5c3ad73f0ac3e4ab5e5980d07f321e) Importer(815301076,1909f56bfc062723c751e8b465ee728b)  -> (artifact id: 'fe7c11593739409d09180699156e9839') in 0.017687 seconds 
  Import took 0.043169 seconds .

========================================================================
Received Import Request.
  Time since last request: 4.602740 seconds.
  path: Assets/Prefabs/HelpPref.prefab
  artifactKey: Guid(ab5c3ad73f0ac3e4ab5e5980d07f321e) Importer(815301076,1909f56bfc062723c751e8b465ee728b)
Start importing Assets/Prefabs/HelpPref.prefab using Guid(ab5c3ad73f0ac3e4ab5e5980d07f321e) Importer(815301076,1909f56bfc062723c751e8b465ee728b)  -> (artifact id: '4b6f2adc2a354df58a73b16df0fb0274') in 0.021331 seconds 
  Import took 0.025960 seconds .

========================================================================
Received Import Request.
  Time since last request: 12.365889 seconds.
  path: Assets/Prefabs/HelpPref.prefab
  artifactKey: Guid(ab5c3ad73f0ac3e4ab5e5980d07f321e) Importer(815301076,1909f56bfc062723c751e8b465ee728b)
Start importing Assets/Prefabs/HelpPref.prefab using Guid(ab5c3ad73f0ac3e4ab5e5980d07f321e) Importer(815301076,1909f56bfc062723c751e8b465ee728b)  -> (artifact id: '04e8a5a37b34fdeafcc775bc6fa00cc4') in 0.015565 seconds 
  Import took 0.046153 seconds .

========================================================================
Received Import Request.
  Time since last request: 10.016691 seconds.
  path: Assets/Prefabs/HelpPref.prefab
  artifactKey: Guid(ab5c3ad73f0ac3e4ab5e5980d07f321e) Importer(815301076,1909f56bfc062723c751e8b465ee728b)
Start importing Assets/Prefabs/HelpPref.prefab using Guid(ab5c3ad73f0ac3e4ab5e5980d07f321e) Importer(815301076,1909f56bfc062723c751e8b465ee728b)  -> (artifact id: '6d5a3e0091f275dbc0f513cdaa5652e8') in 0.016130 seconds 
  Import took 0.025503 seconds .

========================================================================
Received Import Request.
  Time since last request: 42.392201 seconds.
  path: Assets/Prefabs/HelpPref.prefab
  artifactKey: Guid(ab5c3ad73f0ac3e4ab5e5980d07f321e) Importer(815301076,1909f56bfc062723c751e8b465ee728b)
Start importing Assets/Prefabs/HelpPref.prefab using Guid(ab5c3ad73f0ac3e4ab5e5980d07f321e) Importer(815301076,1909f56bfc062723c751e8b465ee728b)  -> (artifact id: 'c4d70dfab955e4ff524a6c61ac2d381c') in 0.024502 seconds 
  Import took 0.043438 seconds .

========================================================================
Received Import Request.
  Time since last request: 8.970567 seconds.
  path: Assets/Prefabs/HelpPref.prefab
  artifactKey: Guid(ab5c3ad73f0ac3e4ab5e5980d07f321e) Importer(815301076,1909f56bfc062723c751e8b465ee728b)
Start importing Assets/Prefabs/HelpPref.prefab using Guid(ab5c3ad73f0ac3e4ab5e5980d07f321e) Importer(815301076,1909f56bfc062723c751e8b465ee728b)  -> (artifact id: '900f3ac81ee3de61197892554ec40d2b') in 0.015532 seconds 
  Import took 0.037485 seconds .

========================================================================
Received Import Request.
  Time since last request: 11.686773 seconds.
  path: Assets/Prefabs/HelpPref.prefab
  artifactKey: Guid(ab5c3ad73f0ac3e4ab5e5980d07f321e) Importer(815301076,1909f56bfc062723c751e8b465ee728b)
Start importing Assets/Prefabs/HelpPref.prefab using Guid(ab5c3ad73f0ac3e4ab5e5980d07f321e) Importer(815301076,1909f56bfc062723c751e8b465ee728b)  -> (artifact id: '1d8ee0be737f85ec7c1692dc26a9377f') in 0.016546 seconds 
  Import took 0.034619 seconds .

========================================================================
Received Import Request.
  Time since last request: 10.866173 seconds.
  path: Assets/Prefabs/HelpPref.prefab
  artifactKey: Guid(ab5c3ad73f0ac3e4ab5e5980d07f321e) Importer(815301076,1909f56bfc062723c751e8b465ee728b)
Start importing Assets/Prefabs/HelpPref.prefab using Guid(ab5c3ad73f0ac3e4ab5e5980d07f321e) Importer(815301076,1909f56bfc062723c751e8b465ee728b)  -> (artifact id: '7025063b4f46e67f5c34173171f71c8a') in 0.016402 seconds 
  Import took 0.042101 seconds .

========================================================================
Received Import Request.
  Time since last request: 46.604920 seconds.
  path: Assets/Prefabs/HelpPref.prefab
  artifactKey: Guid(ab5c3ad73f0ac3e4ab5e5980d07f321e) Importer(815301076,1909f56bfc062723c751e8b465ee728b)
Start importing Assets/Prefabs/HelpPref.prefab using Guid(ab5c3ad73f0ac3e4ab5e5980d07f321e) Importer(815301076,1909f56bfc062723c751e8b465ee728b)  -> (artifact id: '05cc92eef079afc42ec7d14d53d210fb') in 0.019807 seconds 
  Import took 0.032857 seconds .

========================================================================
Received Import Request.
  Time since last request: 13.958997 seconds.
  path: Assets/Prefabs/HelpPref.prefab
  artifactKey: Guid(ab5c3ad73f0ac3e4ab5e5980d07f321e) Importer(815301076,1909f56bfc062723c751e8b465ee728b)
Start importing Assets/Prefabs/HelpPref.prefab using Guid(ab5c3ad73f0ac3e4ab5e5980d07f321e) Importer(815301076,1909f56bfc062723c751e8b465ee728b)  -> (artifact id: '3561ac025a43a5dcd73e84c92d7de7c9') in 0.017380 seconds 
  Import took 0.044914 seconds .

========================================================================
Received Import Request.
  Time since last request: 5.184296 seconds.
  path: Assets/Prefabs/HelpPref.prefab
  artifactKey: Guid(ab5c3ad73f0ac3e4ab5e5980d07f321e) Importer(815301076,1909f56bfc062723c751e8b465ee728b)
Start importing Assets/Prefabs/HelpPref.prefab using Guid(ab5c3ad73f0ac3e4ab5e5980d07f321e) Importer(815301076,1909f56bfc062723c751e8b465ee728b)  -> (artifact id: '7e0f9e08774fdafff33af5d19d06a181') in 0.016302 seconds 
  Import took 0.032649 seconds .

========================================================================
Received Import Request.
  Time since last request: 8.378478 seconds.
  path: Assets/Prefabs/HelpPref.prefab
  artifactKey: Guid(ab5c3ad73f0ac3e4ab5e5980d07f321e) Importer(815301076,1909f56bfc062723c751e8b465ee728b)
Start importing Assets/Prefabs/HelpPref.prefab using Guid(ab5c3ad73f0ac3e4ab5e5980d07f321e) Importer(815301076,1909f56bfc062723c751e8b465ee728b)  -> (artifact id: '924d4186c72f01ea277f34af3f2707ec') in 0.019274 seconds 
  Import took 0.033350 seconds .

========================================================================
Received Import Request.
  Time since last request: 1.815979 seconds.
  path: Assets/Prefabs/HelpPref.prefab
  artifactKey: Guid(ab5c3ad73f0ac3e4ab5e5980d07f321e) Importer(815301076,1909f56bfc062723c751e8b465ee728b)
Start importing Assets/Prefabs/HelpPref.prefab using Guid(ab5c3ad73f0ac3e4ab5e5980d07f321e) Importer(815301076,1909f56bfc062723c751e8b465ee728b)  -> (artifact id: '5bca65ed8bce3189ce3b87ebc47deea2') in 0.014912 seconds 
  Import took 0.025952 seconds .

========================================================================
Received Import Request.
  Time since last request: 3.485405 seconds.
  path: Assets/Prefabs/HelpPref.prefab
  artifactKey: Guid(ab5c3ad73f0ac3e4ab5e5980d07f321e) Importer(815301076,1909f56bfc062723c751e8b465ee728b)
Start importing Assets/Prefabs/HelpPref.prefab using Guid(ab5c3ad73f0ac3e4ab5e5980d07f321e) Importer(815301076,1909f56bfc062723c751e8b465ee728b)  -> (artifact id: '2674d3469c6b0ba3ec73956c287b6ce2') in 0.016095 seconds 
  Import took 0.027971 seconds .

========================================================================
Received Import Request.
  Time since last request: 5.404033 seconds.
  path: Assets/Prefabs/HelpPref.prefab
  artifactKey: Guid(ab5c3ad73f0ac3e4ab5e5980d07f321e) Importer(815301076,1909f56bfc062723c751e8b465ee728b)
Start importing Assets/Prefabs/HelpPref.prefab using Guid(ab5c3ad73f0ac3e4ab5e5980d07f321e) Importer(815301076,1909f56bfc062723c751e8b465ee728b)  -> (artifact id: '6df671625d1b1528c40439587c553b80') in 0.015670 seconds 
  Import took 0.040001 seconds .

========================================================================
Received Import Request.
  Time since last request: 12.085916 seconds.
  path: Assets/Prefabs/HelpPref.prefab
  artifactKey: Guid(ab5c3ad73f0ac3e4ab5e5980d07f321e) Importer(815301076,1909f56bfc062723c751e8b465ee728b)
Start importing Assets/Prefabs/HelpPref.prefab using Guid(ab5c3ad73f0ac3e4ab5e5980d07f321e) Importer(815301076,1909f56bfc062723c751e8b465ee728b)  -> (artifact id: '5bb688bcc473142d8f9c7db4cbf175b8') in 0.017631 seconds 
  Import took 0.022270 seconds .

========================================================================
Received Prepare
Registering precompiled user dll's ...
Registered in 0.005174 seconds.
Begin MonoManager ReloadAssembly
Native extension for WindowsStandalone target not found
Refreshing native plugins compatible for Editor in 0.39 ms, found 2 plugins.
Preloading 0 native plugins for Editor in 0.00 ms.
Mono: successfully reloaded assembly
- Completed reload, in  1.477 seconds
Domain Reload Profiling:
	ReloadAssembly (1478ms)
		BeginReloadAssembly (179ms)
			ExecutionOrderSort (0ms)
			DisableScriptedObjects (7ms)
			BackupInstance (0ms)
			ReleaseScriptingObjects (0ms)
			CreateAndSetChildDomain (45ms)
		EndReloadAssembly (1199ms)
			LoadAssemblies (139ms)
			RebuildTransferFunctionScriptingTraits (0ms)
			SetupTypeCache (417ms)
			ReleaseScriptCaches (1ms)
			RebuildScriptCaches (65ms)
			SetupLoadedEditorAssemblies (393ms)
				LogAssemblyErrors (0ms)
				InitializePlatformSupportModulesInManaged (7ms)
				SetLoadedEditorAssemblies (1ms)
				RefreshPlugins (1ms)
				BeforeProcessingInitializeOnLoad (107ms)
				ProcessInitializeOnLoadAttributes (265ms)
				ProcessInitializeOnLoadMethodAttributes (9ms)
				AfterProcessingInitializeOnLoad (4ms)
				EditorAssembliesLoaded (0ms)
			ExecutionOrderSort2 (0ms)
			AwakeInstancesAfterBackupRestoration (11ms)
Platform modules already initialized, skipping
Refreshing native plugins compatible for Editor in 0.63 ms, found 2 plugins.
Preloading 0 native plugins for Editor in 0.00 ms.
Unloading 1406 Unused Serialized files (Serialized files now loaded: 0)
System memory in use before: 65.3 MB.
System memory in use after: 65.4 MB.

Unloading 17 unused Assets to reduce memory usage. Loaded Objects now: 1852.
Total: 4.884000 ms (FindLiveObjects: 0.333900 ms CreateObjectMapping: 0.080500 ms MarkObjects: 4.421300 ms  DeleteObjects: 0.045500 ms)

AssetImportParameters requested are different than current active one (requested -> active):
  custom:framework-win-MediaFoundation: 216162199b28c13a410421893ffa2e32 -> 
  custom:video-decoder-ogg-theora: a1e56fd34408186e4bbccfd4996cb3dc -> 
  custom:container-muxer-webm: aa71ff27fc2769a1b78a27578f13a17b -> 
  custom:container-demuxer-webm: 4f35f7cbe854078d1ac9338744f61a02 -> 
  custom:container-demuxer-ogg: 62fdf1f143b41e24485cea50d1cbac27 -> 
  custom:video-encoder-webm-vp8: eb34c28f22e8b96e1ab97ce403110664 -> 
  custom:video-decoder-webm-vp8: 9c59270c3fd7afecdb556c50c9e8de78 -> 
  custom:audio-decoder-ogg-vorbis: bf7c407c2cedff20999df2af8eb42d56 -> 
  custom:audio-encoder-webm-vorbis: bf7c407c2cedff20999df2af8eb42d56 -> 
========================================================================
Received Import Request.
  Time since last request: 54.009345 seconds.
  path: Assets/Prefabs/HelpPref.prefab
  artifactKey: Guid(ab5c3ad73f0ac3e4ab5e5980d07f321e) Importer(815301076,1909f56bfc062723c751e8b465ee728b)
Start importing Assets/Prefabs/HelpPref.prefab using Guid(ab5c3ad73f0ac3e4ab5e5980d07f321e) Importer(815301076,1909f56bfc062723c751e8b465ee728b)  -> (artifact id: '8952c2dca1625e8aca6c7fca41331205') in 0.103662 seconds 
  Import took 0.132554 seconds .

========================================================================
Received Import Request.
  Time since last request: 19.986403 seconds.
  path: Assets/Prefabs/HelpPref.prefab
  artifactKey: Guid(ab5c3ad73f0ac3e4ab5e5980d07f321e) Importer(815301076,1909f56bfc062723c751e8b465ee728b)
Start importing Assets/Prefabs/HelpPref.prefab using Guid(ab5c3ad73f0ac3e4ab5e5980d07f321e) Importer(815301076,1909f56bfc062723c751e8b465ee728b)  -> (artifact id: 'dd12fa42844e42239fd6c1b69ff58cb8') in 0.018067 seconds 
  Import took 0.038050 seconds .

========================================================================
Received Import Request.
  Time since last request: 13.102101 seconds.
  path: Assets/Prefabs/HelpPref.prefab
  artifactKey: Guid(ab5c3ad73f0ac3e4ab5e5980d07f321e) Importer(815301076,1909f56bfc062723c751e8b465ee728b)
Start importing Assets/Prefabs/HelpPref.prefab using Guid(ab5c3ad73f0ac3e4ab5e5980d07f321e) Importer(815301076,1909f56bfc062723c751e8b465ee728b)  -> (artifact id: 'a3eaa9f0ede7162a1b38603cd749c319') in 0.020663 seconds 
  Import took 0.046225 seconds .

========================================================================
Received Import Request.
  Time since last request: 14.881847 seconds.
  path: Assets/Prefabs/HelpPref.prefab
  artifactKey: Guid(ab5c3ad73f0ac3e4ab5e5980d07f321e) Importer(815301076,1909f56bfc062723c751e8b465ee728b)
Start importing Assets/Prefabs/HelpPref.prefab using Guid(ab5c3ad73f0ac3e4ab5e5980d07f321e) Importer(815301076,1909f56bfc062723c751e8b465ee728b)  -> (artifact id: 'ca280166b640cb1d6db6cf092590d792') in 0.018863 seconds 
  Import took 0.037011 seconds .

========================================================================
Received Import Request.
  Time since last request: 5.926297 seconds.
  path: Assets/Prefabs/HelpPref.prefab
  artifactKey: Guid(ab5c3ad73f0ac3e4ab5e5980d07f321e) Importer(815301076,1909f56bfc062723c751e8b465ee728b)
Start importing Assets/Prefabs/HelpPref.prefab using Guid(ab5c3ad73f0ac3e4ab5e5980d07f321e) Importer(815301076,1909f56bfc062723c751e8b465ee728b)  -> (artifact id: '646676e2aa8ff44b7dc7e402efea57b3') in 0.020675 seconds 
  Import took 0.039139 seconds .

========================================================================
Received Import Request.
  Time since last request: 18.325704 seconds.
  path: Assets/Prefabs/HelpPref.prefab
  artifactKey: Guid(ab5c3ad73f0ac3e4ab5e5980d07f321e) Importer(815301076,1909f56bfc062723c751e8b465ee728b)
Start importing Assets/Prefabs/HelpPref.prefab using Guid(ab5c3ad73f0ac3e4ab5e5980d07f321e) Importer(815301076,1909f56bfc062723c751e8b465ee728b)  -> (artifact id: '7be8ee7d6930c6c9e934b00f777bfbb7') in 0.022287 seconds 
  Import took 0.027055 seconds .

========================================================================
Received Import Request.
  Time since last request: 6.520361 seconds.
  path: Assets/Prefabs/HelpPref.prefab
  artifactKey: Guid(ab5c3ad73f0ac3e4ab5e5980d07f321e) Importer(815301076,1909f56bfc062723c751e8b465ee728b)
Start importing Assets/Prefabs/HelpPref.prefab using Guid(ab5c3ad73f0ac3e4ab5e5980d07f321e) Importer(815301076,1909f56bfc062723c751e8b465ee728b)  -> (artifact id: 'a696c87652d42e7ae9540566a5079467') in 0.019563 seconds 
  Import took 0.040646 seconds .

========================================================================
Received Import Request.
  Time since last request: 4.581763 seconds.
  path: Assets/Prefabs/HelpPref.prefab
  artifactKey: Guid(ab5c3ad73f0ac3e4ab5e5980d07f321e) Importer(815301076,1909f56bfc062723c751e8b465ee728b)
Start importing Assets/Prefabs/HelpPref.prefab using Guid(ab5c3ad73f0ac3e4ab5e5980d07f321e) Importer(815301076,1909f56bfc062723c751e8b465ee728b)  -> (artifact id: '73912c33dcb70a044cd17d10f6de49ab') in 0.018873 seconds 
  Import took 0.033286 seconds .

========================================================================
Received Import Request.
  Time since last request: 9.667821 seconds.
  path: Assets/Prefabs/HelpPref.prefab
  artifactKey: Guid(ab5c3ad73f0ac3e4ab5e5980d07f321e) Importer(815301076,1909f56bfc062723c751e8b465ee728b)
Start importing Assets/Prefabs/HelpPref.prefab using Guid(ab5c3ad73f0ac3e4ab5e5980d07f321e) Importer(815301076,1909f56bfc062723c751e8b465ee728b)  -> (artifact id: 'a6f24a0ab568c90ef6597fc19647c5db') in 0.019966 seconds 
  Import took 0.044271 seconds .

========================================================================
Received Import Request.
  Time since last request: 1.188388 seconds.
  path: Assets/Prefabs/HelpPref.prefab
  artifactKey: Guid(ab5c3ad73f0ac3e4ab5e5980d07f321e) Importer(815301076,1909f56bfc062723c751e8b465ee728b)
Start importing Assets/Prefabs/HelpPref.prefab using Guid(ab5c3ad73f0ac3e4ab5e5980d07f321e) Importer(815301076,1909f56bfc062723c751e8b465ee728b)  -> (artifact id: '6c2449b0e4ef7bbc55406ff0b52eae77') in 0.022767 seconds 
  Import took 0.035063 seconds .

========================================================================
Received Import Request.
  Time since last request: 5.420757 seconds.
  path: Assets/Prefabs/HelpPref.prefab
  artifactKey: Guid(ab5c3ad73f0ac3e4ab5e5980d07f321e) Importer(815301076,1909f56bfc062723c751e8b465ee728b)
Start importing Assets/Prefabs/HelpPref.prefab using Guid(ab5c3ad73f0ac3e4ab5e5980d07f321e) Importer(815301076,1909f56bfc062723c751e8b465ee728b)  -> (artifact id: 'bf107ef151d806ade01b1cb846ec58db') in 0.020625 seconds 
  Import took 0.038533 seconds .

========================================================================
Received Import Request.
  Time since last request: 2.397268 seconds.
  path: Assets/Prefabs/HelpPref.prefab
  artifactKey: Guid(ab5c3ad73f0ac3e4ab5e5980d07f321e) Importer(815301076,1909f56bfc062723c751e8b465ee728b)
Start importing Assets/Prefabs/HelpPref.prefab using Guid(ab5c3ad73f0ac3e4ab5e5980d07f321e) Importer(815301076,1909f56bfc062723c751e8b465ee728b)  -> (artifact id: '45671f213bd832fcc78ad2d2eb6037f6') in 0.019097 seconds 
  Import took 0.028999 seconds .

========================================================================
Received Import Request.
  Time since last request: 5.422802 seconds.
  path: Assets/Prefabs/HelpPref.prefab
  artifactKey: Guid(ab5c3ad73f0ac3e4ab5e5980d07f321e) Importer(815301076,1909f56bfc062723c751e8b465ee728b)
Start importing Assets/Prefabs/HelpPref.prefab using Guid(ab5c3ad73f0ac3e4ab5e5980d07f321e) Importer(815301076,1909f56bfc062723c751e8b465ee728b)  -> (artifact id: 'ede3c2a1019d35d9127fdf994423de58') in 0.013988 seconds 
  Import took 0.018669 seconds .

========================================================================
Received Import Request.
  Time since last request: 2.019607 seconds.
  path: Assets/Prefabs/HelpPref.prefab
  artifactKey: Guid(ab5c3ad73f0ac3e4ab5e5980d07f321e) Importer(815301076,1909f56bfc062723c751e8b465ee728b)
Start importing Assets/Prefabs/HelpPref.prefab using Guid(ab5c3ad73f0ac3e4ab5e5980d07f321e) Importer(815301076,1909f56bfc062723c751e8b465ee728b)  -> (artifact id: 'ed2368703fd761ae9ea931bfcb71783f') in 0.015241 seconds 
  Import took 0.032092 seconds .

========================================================================
Received Import Request.
  Time since last request: 1.202671 seconds.
  path: Assets/Prefabs/HelpPref.prefab
  artifactKey: Guid(ab5c3ad73f0ac3e4ab5e5980d07f321e) Importer(815301076,1909f56bfc062723c751e8b465ee728b)
Start importing Assets/Prefabs/HelpPref.prefab using Guid(ab5c3ad73f0ac3e4ab5e5980d07f321e) Importer(815301076,1909f56bfc062723c751e8b465ee728b)  -> (artifact id: '14696965b4a5ef5a221c67e5ae1ca663') in 0.014332 seconds 
  Import took 0.035912 seconds .

========================================================================
Received Import Request.
  Time since last request: 9.276425 seconds.
  path: Assets/Prefabs/HelpPref.prefab
  artifactKey: Guid(ab5c3ad73f0ac3e4ab5e5980d07f321e) Importer(815301076,1909f56bfc062723c751e8b465ee728b)
Start importing Assets/Prefabs/HelpPref.prefab using Guid(ab5c3ad73f0ac3e4ab5e5980d07f321e) Importer(815301076,1909f56bfc062723c751e8b465ee728b)  -> (artifact id: 'e8c64ed705a166208d1e3a54c44d51ca') in 0.020571 seconds 
  Import took 0.038827 seconds .

========================================================================
Received Import Request.
  Time since last request: 13.076540 seconds.
  path: Assets/Prefabs/HelpPref.prefab
  artifactKey: Guid(ab5c3ad73f0ac3e4ab5e5980d07f321e) Importer(815301076,1909f56bfc062723c751e8b465ee728b)
Start importing Assets/Prefabs/HelpPref.prefab using Guid(ab5c3ad73f0ac3e4ab5e5980d07f321e) Importer(815301076,1909f56bfc062723c751e8b465ee728b)  -> (artifact id: 'a0a2cc3d7d7b225c127b5f0d44b40f2b') in 0.017606 seconds 
  Import took 0.038437 seconds .

========================================================================
Received Import Request.
  Time since last request: 9.665794 seconds.
  path: Assets/Prefabs/HelpPref.prefab
  artifactKey: Guid(ab5c3ad73f0ac3e4ab5e5980d07f321e) Importer(815301076,1909f56bfc062723c751e8b465ee728b)
Start importing Assets/Prefabs/HelpPref.prefab using Guid(ab5c3ad73f0ac3e4ab5e5980d07f321e) Importer(815301076,1909f56bfc062723c751e8b465ee728b)  -> (artifact id: '8ba5edf2585d1d26ece1fed3a3339fc9') in 0.020642 seconds 
  Import took 0.038588 seconds .

========================================================================
Received Import Request.
  Time since last request: 14.299447 seconds.
  path: Assets/Prefabs/HelpPref.prefab
  artifactKey: Guid(ab5c3ad73f0ac3e4ab5e5980d07f321e) Importer(815301076,1909f56bfc062723c751e8b465ee728b)
Start importing Assets/Prefabs/HelpPref.prefab using Guid(ab5c3ad73f0ac3e4ab5e5980d07f321e) Importer(815301076,1909f56bfc062723c751e8b465ee728b)  -> (artifact id: 'b3c7a566ea3098dc373f270fd871ddb8') in 0.016001 seconds 
  Import took 0.029259 seconds .

========================================================================
Received Import Request.
  Time since last request: 4.574656 seconds.
  path: Assets/Prefabs/HelpPref.prefab
  artifactKey: Guid(ab5c3ad73f0ac3e4ab5e5980d07f321e) Importer(815301076,1909f56bfc062723c751e8b465ee728b)
Start importing Assets/Prefabs/HelpPref.prefab using Guid(ab5c3ad73f0ac3e4ab5e5980d07f321e) Importer(815301076,1909f56bfc062723c751e8b465ee728b)  -> (artifact id: '3d4380ef7765f49963bbd96439471d0d') in 0.019656 seconds 
  Import took 0.028715 seconds .

========================================================================
Received Import Request.
  Time since last request: 0.582504 seconds.
  path: Assets/Prefabs/HelpPref.prefab
  artifactKey: Guid(ab5c3ad73f0ac3e4ab5e5980d07f321e) Importer(815301076,1909f56bfc062723c751e8b465ee728b)
Start importing Assets/Prefabs/HelpPref.prefab using Guid(ab5c3ad73f0ac3e4ab5e5980d07f321e) Importer(815301076,1909f56bfc062723c751e8b465ee728b)  -> (artifact id: 'e8e740cd469ad5c4d97d14d5dcaa3dfd') in 0.020906 seconds 
  Import took 0.025412 seconds .

========================================================================
Received Import Request.
  Time since last request: 2.777416 seconds.
  path: Assets/Prefabs/HelpPref.prefab
  artifactKey: Guid(ab5c3ad73f0ac3e4ab5e5980d07f321e) Importer(815301076,1909f56bfc062723c751e8b465ee728b)
Start importing Assets/Prefabs/HelpPref.prefab using Guid(ab5c3ad73f0ac3e4ab5e5980d07f321e) Importer(815301076,1909f56bfc062723c751e8b465ee728b)  -> (artifact id: 'ffd9fa58f10ec60ea9bd0bacc7c31ce1') in 0.017444 seconds 
  Import took 0.038213 seconds .

========================================================================
Received Import Request.
  Time since last request: 13.180482 seconds.
  path: Assets/Prefabs/HelpPref.prefab
  artifactKey: Guid(ab5c3ad73f0ac3e4ab5e5980d07f321e) Importer(815301076,1909f56bfc062723c751e8b465ee728b)
Start importing Assets/Prefabs/HelpPref.prefab using Guid(ab5c3ad73f0ac3e4ab5e5980d07f321e) Importer(815301076,1909f56bfc062723c751e8b465ee728b)  -> (artifact id: '3d790dfdaee8c263288d76bf2d046e37') in 0.018800 seconds 
  Import took 0.039834 seconds .

========================================================================
Received Import Request.
  Time since last request: 2.385251 seconds.
  path: Assets/Prefabs/HelpPref.prefab
  artifactKey: Guid(ab5c3ad73f0ac3e4ab5e5980d07f321e) Importer(815301076,1909f56bfc062723c751e8b465ee728b)
Start importing Assets/Prefabs/HelpPref.prefab using Guid(ab5c3ad73f0ac3e4ab5e5980d07f321e) Importer(815301076,1909f56bfc062723c751e8b465ee728b)  -> (artifact id: '3e5bbb51f75934b436ed52ea82eeefd5') in 0.015960 seconds 
  Import took 0.028906 seconds .

========================================================================
Received Import Request.
  Time since last request: 5.230828 seconds.
  path: Assets/Prefabs/HelpPref.prefab
  artifactKey: Guid(ab5c3ad73f0ac3e4ab5e5980d07f321e) Importer(815301076,1909f56bfc062723c751e8b465ee728b)
Start importing Assets/Prefabs/HelpPref.prefab using Guid(ab5c3ad73f0ac3e4ab5e5980d07f321e) Importer(815301076,1909f56bfc062723c751e8b465ee728b)  -> (artifact id: '2a47da9eb375d2c76e6c78222be7488a') in 0.016598 seconds 
  Import took 0.071183 seconds .

========================================================================
Received Import Request.
  Time since last request: 22.536034 seconds.
  path: Assets/Prefabs/HelpPref.prefab
  artifactKey: Guid(ab5c3ad73f0ac3e4ab5e5980d07f321e) Importer(815301076,1909f56bfc062723c751e8b465ee728b)
Start importing Assets/Prefabs/HelpPref.prefab using Guid(ab5c3ad73f0ac3e4ab5e5980d07f321e) Importer(815301076,1909f56bfc062723c751e8b465ee728b)  -> (artifact id: '461e2fbf73d19152f2543d4c46992db6') in 0.015034 seconds 
  Import took 0.035417 seconds .

========================================================================
Received Import Request.
  Time since last request: 206.334865 seconds.
  path: Assets/Prefabs/HelpPref.prefab
  artifactKey: Guid(ab5c3ad73f0ac3e4ab5e5980d07f321e) Importer(815301076,1909f56bfc062723c751e8b465ee728b)
Start importing Assets/Prefabs/HelpPref.prefab using Guid(ab5c3ad73f0ac3e4ab5e5980d07f321e) Importer(815301076,1909f56bfc062723c751e8b465ee728b)  -> (artifact id: '8b162919bc403e5edc68cc19814cc303') in 0.014729 seconds 
  Import took 0.022272 seconds .

========================================================================
Received Import Request.
  Time since last request: 1.944524 seconds.
  path: Assets/Prefabs/HelpPref.prefab
  artifactKey: Guid(ab5c3ad73f0ac3e4ab5e5980d07f321e) Importer(815301076,1909f56bfc062723c751e8b465ee728b)
Start importing Assets/Prefabs/HelpPref.prefab using Guid(ab5c3ad73f0ac3e4ab5e5980d07f321e) Importer(815301076,1909f56bfc062723c751e8b465ee728b)  -> (artifact id: '5767db7964d47974b4af5f3f7620e33e') in 0.021216 seconds 
  Import took 0.043953 seconds .

========================================================================
Received Import Request.
  Time since last request: 1.579606 seconds.
  path: Assets/Prefabs/HelpPref.prefab
  artifactKey: Guid(ab5c3ad73f0ac3e4ab5e5980d07f321e) Importer(815301076,1909f56bfc062723c751e8b465ee728b)
Start importing Assets/Prefabs/HelpPref.prefab using Guid(ab5c3ad73f0ac3e4ab5e5980d07f321e) Importer(815301076,1909f56bfc062723c751e8b465ee728b)  -> (artifact id: '63f72649938402974733fd9ae8357876') in 0.014939 seconds 
  Import took 0.018358 seconds .

========================================================================
Received Import Request.
  Time since last request: 2.183457 seconds.
  path: Assets/Prefabs/HelpPref.prefab
  artifactKey: Guid(ab5c3ad73f0ac3e4ab5e5980d07f321e) Importer(815301076,1909f56bfc062723c751e8b465ee728b)
Start importing Assets/Prefabs/HelpPref.prefab using Guid(ab5c3ad73f0ac3e4ab5e5980d07f321e) Importer(815301076,1909f56bfc062723c751e8b465ee728b)  -> (artifact id: '40dd8e9ce6cd2cabc24b412c872af5b7') in 0.016793 seconds 
  Import took 0.035877 seconds .

========================================================================
Received Import Request.
  Time since last request: 1.838090 seconds.
  path: Assets/Prefabs/HelpPref.prefab
  artifactKey: Guid(ab5c3ad73f0ac3e4ab5e5980d07f321e) Importer(815301076,1909f56bfc062723c751e8b465ee728b)
Start importing Assets/Prefabs/HelpPref.prefab using Guid(ab5c3ad73f0ac3e4ab5e5980d07f321e) Importer(815301076,1909f56bfc062723c751e8b465ee728b)  -> (artifact id: '01a09d2a5ffb3418876bfa026b816f9e') in 0.021229 seconds 
  Import took 0.036386 seconds .

========================================================================
Received Import Request.
  Time since last request: 2.188969 seconds.
  path: Assets/Prefabs/HelpPref.prefab
  artifactKey: Guid(ab5c3ad73f0ac3e4ab5e5980d07f321e) Importer(815301076,1909f56bfc062723c751e8b465ee728b)
Start importing Assets/Prefabs/HelpPref.prefab using Guid(ab5c3ad73f0ac3e4ab5e5980d07f321e) Importer(815301076,1909f56bfc062723c751e8b465ee728b)  -> (artifact id: '899b0edf57c3df44cec24820033d5cd6') in 0.014378 seconds 
  Import took 0.019469 seconds .

========================================================================
Received Import Request.
  Time since last request: 1.386242 seconds.
  path: Assets/Prefabs/HelpPref.prefab
  artifactKey: Guid(ab5c3ad73f0ac3e4ab5e5980d07f321e) Importer(815301076,1909f56bfc062723c751e8b465ee728b)
Start importing Assets/Prefabs/HelpPref.prefab using Guid(ab5c3ad73f0ac3e4ab5e5980d07f321e) Importer(815301076,1909f56bfc062723c751e8b465ee728b)  -> (artifact id: '5ee4b01bda30358517ac9c935f96cda2') in 0.016213 seconds 
  Import took 0.023183 seconds .

========================================================================
Received Import Request.
  Time since last request: 6.034763 seconds.
  path: Assets/Prefabs/HelpPref.prefab
  artifactKey: Guid(ab5c3ad73f0ac3e4ab5e5980d07f321e) Importer(815301076,1909f56bfc062723c751e8b465ee728b)
Start importing Assets/Prefabs/HelpPref.prefab using Guid(ab5c3ad73f0ac3e4ab5e5980d07f321e) Importer(815301076,1909f56bfc062723c751e8b465ee728b)  -> (artifact id: '4621cd6b599566dae80030157463a03b') in 0.015573 seconds 
  Import took 0.019650 seconds .

========================================================================
Received Import Request.
  Time since last request: 12.510667 seconds.
  path: Assets/Prefabs/HelpPref.prefab
  artifactKey: Guid(ab5c3ad73f0ac3e4ab5e5980d07f321e) Importer(815301076,1909f56bfc062723c751e8b465ee728b)
Start importing Assets/Prefabs/HelpPref.prefab using Guid(ab5c3ad73f0ac3e4ab5e5980d07f321e) Importer(815301076,1909f56bfc062723c751e8b465ee728b)  -> (artifact id: '42b081913569248e483bf0c1f99575d4') in 0.018465 seconds 
  Import took 0.028025 seconds .

========================================================================
Received Import Request.
  Time since last request: 6.439024 seconds.
  path: Assets/Prefabs/HelpPref.prefab
  artifactKey: Guid(ab5c3ad73f0ac3e4ab5e5980d07f321e) Importer(815301076,1909f56bfc062723c751e8b465ee728b)
Start importing Assets/Prefabs/HelpPref.prefab using Guid(ab5c3ad73f0ac3e4ab5e5980d07f321e) Importer(815301076,1909f56bfc062723c751e8b465ee728b)  -> (artifact id: '28df6777a8ea6f5ad7059a068802a796') in 0.015988 seconds 
  Import took 0.038168 seconds .

========================================================================
Received Import Request.
  Time since last request: 2.198347 seconds.
  path: Assets/Prefabs/HelpPref.prefab
  artifactKey: Guid(ab5c3ad73f0ac3e4ab5e5980d07f321e) Importer(815301076,1909f56bfc062723c751e8b465ee728b)
Start importing Assets/Prefabs/HelpPref.prefab using Guid(ab5c3ad73f0ac3e4ab5e5980d07f321e) Importer(815301076,1909f56bfc062723c751e8b465ee728b)  -> (artifact id: '64434735b95bd458ae20e229f8ada982') in 0.016199 seconds 
  Import took 0.021580 seconds .

========================================================================
Received Import Request.
  Time since last request: 4.841940 seconds.
  path: Assets/Prefabs/HelpPref.prefab
  artifactKey: Guid(ab5c3ad73f0ac3e4ab5e5980d07f321e) Importer(815301076,1909f56bfc062723c751e8b465ee728b)
Start importing Assets/Prefabs/HelpPref.prefab using Guid(ab5c3ad73f0ac3e4ab5e5980d07f321e) Importer(815301076,1909f56bfc062723c751e8b465ee728b)  -> (artifact id: '332cc20a01287336594c41064377bfb9') in 0.021624 seconds 
  Import took 0.036278 seconds .

========================================================================
Received Import Request.
  Time since last request: 6.863555 seconds.
  path: Assets/Prefabs/HelpPref.prefab
  artifactKey: Guid(ab5c3ad73f0ac3e4ab5e5980d07f321e) Importer(815301076,1909f56bfc062723c751e8b465ee728b)
Start importing Assets/Prefabs/HelpPref.prefab using Guid(ab5c3ad73f0ac3e4ab5e5980d07f321e) Importer(815301076,1909f56bfc062723c751e8b465ee728b)  -> (artifact id: 'b795202b62716d32649b5b6b9d498b9d') in 0.015154 seconds 
  Import took 0.034272 seconds .

========================================================================
Received Import Request.
  Time since last request: 7.398543 seconds.
  path: Assets/Prefabs/HelpPref.prefab
  artifactKey: Guid(ab5c3ad73f0ac3e4ab5e5980d07f321e) Importer(815301076,1909f56bfc062723c751e8b465ee728b)
Start importing Assets/Prefabs/HelpPref.prefab using Guid(ab5c3ad73f0ac3e4ab5e5980d07f321e) Importer(815301076,1909f56bfc062723c751e8b465ee728b)  -> (artifact id: 'f188820b97a0fe293aed63dee1681117') in 0.016018 seconds 
  Import took 0.043610 seconds .

========================================================================
Received Import Request.
  Time since last request: 7.484609 seconds.
  path: Assets/Prefabs/HelpPref.prefab
  artifactKey: Guid(ab5c3ad73f0ac3e4ab5e5980d07f321e) Importer(815301076,1909f56bfc062723c751e8b465ee728b)
Start importing Assets/Prefabs/HelpPref.prefab using Guid(ab5c3ad73f0ac3e4ab5e5980d07f321e) Importer(815301076,1909f56bfc062723c751e8b465ee728b)  -> (artifact id: 'b9e4ef03ea856fc0a7abafc53252fd90') in 0.018853 seconds 
  Import took 0.023277 seconds .

========================================================================
Received Import Request.
  Time since last request: 9.707932 seconds.
  path: Assets/Prefabs/HelpPref.prefab
  artifactKey: Guid(ab5c3ad73f0ac3e4ab5e5980d07f321e) Importer(815301076,1909f56bfc062723c751e8b465ee728b)
Start importing Assets/Prefabs/HelpPref.prefab using Guid(ab5c3ad73f0ac3e4ab5e5980d07f321e) Importer(815301076,1909f56bfc062723c751e8b465ee728b)  -> (artifact id: 'e74acc35446cb38267099f81a9d29048') in 0.021158 seconds 
  Import took 0.052248 seconds .

========================================================================
Received Import Request.
  Time since last request: 17.076035 seconds.
  path: Assets/Prefabs/HelpPref.prefab
  artifactKey: Guid(ab5c3ad73f0ac3e4ab5e5980d07f321e) Importer(815301076,1909f56bfc062723c751e8b465ee728b)
Start importing Assets/Prefabs/HelpPref.prefab using Guid(ab5c3ad73f0ac3e4ab5e5980d07f321e) Importer(815301076,1909f56bfc062723c751e8b465ee728b)  -> (artifact id: 'd9b888d8565c9292b46417714d3fab51') in 0.017778 seconds 
  Import took 0.044401 seconds .

========================================================================
Received Import Request.
  Time since last request: 3.013125 seconds.
  path: Assets/Prefabs/HelpPref.prefab
  artifactKey: Guid(ab5c3ad73f0ac3e4ab5e5980d07f321e) Importer(815301076,1909f56bfc062723c751e8b465ee728b)
Start importing Assets/Prefabs/HelpPref.prefab using Guid(ab5c3ad73f0ac3e4ab5e5980d07f321e) Importer(815301076,1909f56bfc062723c751e8b465ee728b)  -> (artifact id: 'd0eae78f166bfde191be22a085938655') in 0.019397 seconds 
  Import took 0.032860 seconds .

========================================================================
Received Import Request.
  Time since last request: 9.850474 seconds.
  path: Assets/Prefabs/HelpPref.prefab
  artifactKey: Guid(ab5c3ad73f0ac3e4ab5e5980d07f321e) Importer(815301076,1909f56bfc062723c751e8b465ee728b)
Start importing Assets/Prefabs/HelpPref.prefab using Guid(ab5c3ad73f0ac3e4ab5e5980d07f321e) Importer(815301076,1909f56bfc062723c751e8b465ee728b)  -> (artifact id: '869f8c1a3761d6759f55d87422c29d03') in 0.019036 seconds 
  Import took 0.027603 seconds .

========================================================================
Received Import Request.
  Time since last request: 5.218561 seconds.
  path: Assets/Prefabs/HelpPref.prefab
  artifactKey: Guid(ab5c3ad73f0ac3e4ab5e5980d07f321e) Importer(815301076,1909f56bfc062723c751e8b465ee728b)
Start importing Assets/Prefabs/HelpPref.prefab using Guid(ab5c3ad73f0ac3e4ab5e5980d07f321e) Importer(815301076,1909f56bfc062723c751e8b465ee728b)  -> (artifact id: '1283814f05fe1e4e550c1a2d65b695d8') in 0.015915 seconds 
  Import took 0.037686 seconds .

========================================================================
Received Import Request.
  Time since last request: 12.694780 seconds.
  path: Assets/Prefabs/HelpPref.prefab
  artifactKey: Guid(ab5c3ad73f0ac3e4ab5e5980d07f321e) Importer(815301076,1909f56bfc062723c751e8b465ee728b)
Start importing Assets/Prefabs/HelpPref.prefab using Guid(ab5c3ad73f0ac3e4ab5e5980d07f321e) Importer(815301076,1909f56bfc062723c751e8b465ee728b)  -> (artifact id: '6dce050a7ddd6d7cff4ee154d6bd2dc9') in 0.021507 seconds 
  Import took 0.036879 seconds .

========================================================================
Received Import Request.
  Time since last request: 6.177431 seconds.
  path: Assets/Prefabs/HelpPref.prefab
  artifactKey: Guid(ab5c3ad73f0ac3e4ab5e5980d07f321e) Importer(815301076,1909f56bfc062723c751e8b465ee728b)
Start importing Assets/Prefabs/HelpPref.prefab using Guid(ab5c3ad73f0ac3e4ab5e5980d07f321e) Importer(815301076,1909f56bfc062723c751e8b465ee728b)  -> (artifact id: '1e4199b80cc3f4d2e092ae83abbd0cf3') in 0.014536 seconds 
  Import took 0.018863 seconds .

========================================================================
Received Prepare
Registering precompiled user dll's ...
Registered in 0.005487 seconds.
Begin MonoManager ReloadAssembly
Native extension for WindowsStandalone target not found
Refreshing native plugins compatible for Editor in 0.41 ms, found 2 plugins.
Preloading 0 native plugins for Editor in 0.00 ms.
Mono: successfully reloaded assembly
- Completed reload, in  1.400 seconds
Domain Reload Profiling:
	ReloadAssembly (1401ms)
		BeginReloadAssembly (159ms)
			ExecutionOrderSort (0ms)
			DisableScriptedObjects (9ms)
			BackupInstance (0ms)
			ReleaseScriptingObjects (0ms)
			CreateAndSetChildDomain (43ms)
		EndReloadAssembly (1152ms)
			LoadAssemblies (126ms)
			RebuildTransferFunctionScriptingTraits (0ms)
			SetupTypeCache (431ms)
			ReleaseScriptCaches (1ms)
			RebuildScriptCaches (59ms)
			SetupLoadedEditorAssemblies (387ms)
				LogAssemblyErrors (0ms)
				InitializePlatformSupportModulesInManaged (7ms)
				SetLoadedEditorAssemblies (1ms)
				RefreshPlugins (0ms)
				BeforeProcessingInitializeOnLoad (102ms)
				ProcessInitializeOnLoadAttributes (266ms)
				ProcessInitializeOnLoadMethodAttributes (6ms)
				AfterProcessingInitializeOnLoad (4ms)
				EditorAssembliesLoaded (0ms)
			ExecutionOrderSort2 (0ms)
			AwakeInstancesAfterBackupRestoration (12ms)
Platform modules already initialized, skipping
Refreshing native plugins compatible for Editor in 0.65 ms, found 2 plugins.
Preloading 0 native plugins for Editor in 0.00 ms.
Unloading 1406 Unused Serialized files (Serialized files now loaded: 0)
System memory in use before: 65.4 MB.
System memory in use after: 65.5 MB.

Unloading 17 unused Assets to reduce memory usage. Loaded Objects now: 1854.
Total: 3.881000 ms (FindLiveObjects: 0.185200 ms CreateObjectMapping: 0.041200 ms MarkObjects: 3.610000 ms  DeleteObjects: 0.042400 ms)

AssetImportParameters requested are different than current active one (requested -> active):
  custom:framework-win-MediaFoundation: 216162199b28c13a410421893ffa2e32 -> 
  custom:video-decoder-ogg-theora: a1e56fd34408186e4bbccfd4996cb3dc -> 
  custom:container-muxer-webm: aa71ff27fc2769a1b78a27578f13a17b -> 
  custom:container-demuxer-webm: 4f35f7cbe854078d1ac9338744f61a02 -> 
  custom:container-demuxer-ogg: 62fdf1f143b41e24485cea50d1cbac27 -> 
  custom:video-encoder-webm-vp8: eb34c28f22e8b96e1ab97ce403110664 -> 
  custom:video-decoder-webm-vp8: 9c59270c3fd7afecdb556c50c9e8de78 -> 
  custom:audio-decoder-ogg-vorbis: bf7c407c2cedff20999df2af8eb42d56 -> 
  custom:audio-encoder-webm-vorbis: bf7c407c2cedff20999df2af8eb42d56 -> 
========================================================================
Received Import Request.
  Time since last request: 53.352239 seconds.
  path: Assets/Prefabs/HelpPref.prefab
  artifactKey: Guid(ab5c3ad73f0ac3e4ab5e5980d07f321e) Importer(815301076,1909f56bfc062723c751e8b465ee728b)
Start importing Assets/Prefabs/HelpPref.prefab using Guid(ab5c3ad73f0ac3e4ab5e5980d07f321e) Importer(815301076,1909f56bfc062723c751e8b465ee728b)  -> (artifact id: '90d7e4d3e7ed264113d3ecb82a44d524') in 0.108181 seconds 
  Import took 0.130755 seconds .

========================================================================
Received Prepare
Registering precompiled user dll's ...
Registered in 0.004471 seconds.
Begin MonoManager ReloadAssembly
Native extension for WindowsStandalone target not found
Refreshing native plugins compatible for Editor in 0.48 ms, found 2 plugins.
Preloading 0 native plugins for Editor in 0.00 ms.
Mono: successfully reloaded assembly
- Completed reload, in  1.428 seconds
Domain Reload Profiling:
	ReloadAssembly (1428ms)
		BeginReloadAssembly (170ms)
			ExecutionOrderSort (0ms)
			DisableScriptedObjects (6ms)
			BackupInstance (0ms)
			ReleaseScriptingObjects (0ms)
			CreateAndSetChildDomain (43ms)
		EndReloadAssembly (1161ms)
			LoadAssemblies (129ms)
			RebuildTransferFunctionScriptingTraits (0ms)
			SetupTypeCache (434ms)
			ReleaseScriptCaches (1ms)
			RebuildScriptCaches (63ms)
			SetupLoadedEditorAssemblies (380ms)
				LogAssemblyErrors (0ms)
				InitializePlatformSupportModulesInManaged (8ms)
				SetLoadedEditorAssemblies (1ms)
				RefreshPlugins (1ms)
				BeforeProcessingInitializeOnLoad (103ms)
				ProcessInitializeOnLoadAttributes (259ms)
				ProcessInitializeOnLoadMethodAttributes (5ms)
				AfterProcessingInitializeOnLoad (3ms)
				EditorAssembliesLoaded (0ms)
			ExecutionOrderSort2 (0ms)
			AwakeInstancesAfterBackupRestoration (9ms)
Platform modules already initialized, skipping
Refreshing native plugins compatible for Editor in 0.39 ms, found 2 plugins.
Preloading 0 native plugins for Editor in 0.00 ms.
Unloading 1406 Unused Serialized files (Serialized files now loaded: 0)
System memory in use before: 65.4 MB.
System memory in use after: 65.5 MB.

Unloading 17 unused Assets to reduce memory usage. Loaded Objects now: 1856.
Total: 3.570200 ms (FindLiveObjects: 0.215200 ms CreateObjectMapping: 0.041700 ms MarkObjects: 3.261300 ms  DeleteObjects: 0.049900 ms)

AssetImportParameters requested are different than current active one (requested -> active):
  custom:framework-win-MediaFoundation: 216162199b28c13a410421893ffa2e32 -> 
  custom:video-decoder-ogg-theora: a1e56fd34408186e4bbccfd4996cb3dc -> 
  custom:container-muxer-webm: aa71ff27fc2769a1b78a27578f13a17b -> 
  custom:container-demuxer-webm: 4f35f7cbe854078d1ac9338744f61a02 -> 
  custom:container-demuxer-ogg: 62fdf1f143b41e24485cea50d1cbac27 -> 
  custom:video-encoder-webm-vp8: eb34c28f22e8b96e1ab97ce403110664 -> 
  custom:video-decoder-webm-vp8: 9c59270c3fd7afecdb556c50c9e8de78 -> 
  custom:audio-decoder-ogg-vorbis: bf7c407c2cedff20999df2af8eb42d56 -> 
  custom:audio-encoder-webm-vorbis: bf7c407c2cedff20999df2af8eb42d56 -> 
========================================================================
Received Import Request.
  Time since last request: 31.586261 seconds.
  path: Assets/Prefabs/HelpPref.prefab
  artifactKey: Guid(ab5c3ad73f0ac3e4ab5e5980d07f321e) Importer(815301076,1909f56bfc062723c751e8b465ee728b)
Start importing Assets/Prefabs/HelpPref.prefab using Guid(ab5c3ad73f0ac3e4ab5e5980d07f321e) Importer(815301076,1909f56bfc062723c751e8b465ee728b)  -> (artifact id: 'a48fbd2d344b2b6bfc29e042d422c189') in 0.102031 seconds 
  Import took 0.105742 seconds .

========================================================================
Received Import Request.
  Time since last request: 4.120837 seconds.
  path: Assets/Prefabs/HelpPref.prefab
  artifactKey: Guid(ab5c3ad73f0ac3e4ab5e5980d07f321e) Importer(815301076,1909f56bfc062723c751e8b465ee728b)
Start importing Assets/Prefabs/HelpPref.prefab using Guid(ab5c3ad73f0ac3e4ab5e5980d07f321e) Importer(815301076,1909f56bfc062723c751e8b465ee728b)  -> (artifact id: '44cc450db5cf517c130756cd3e7f1431') in 0.018346 seconds 
  Import took 0.041008 seconds .

========================================================================
Received Import Request.
  Time since last request: 10.667281 seconds.
  path: Assets/Prefabs/HelpPref.prefab
  artifactKey: Guid(ab5c3ad73f0ac3e4ab5e5980d07f321e) Importer(815301076,1909f56bfc062723c751e8b465ee728b)
Start importing Assets/Prefabs/HelpPref.prefab using Guid(ab5c3ad73f0ac3e4ab5e5980d07f321e) Importer(815301076,1909f56bfc062723c751e8b465ee728b)  -> (artifact id: '07266df4a9b77d87ea410f3ab6644eaa') in 0.020486 seconds 
  Import took 0.052288 seconds .

========================================================================
Received Prepare
Registering precompiled user dll's ...
Registered in 0.004259 seconds.
Begin MonoManager ReloadAssembly
Native extension for WindowsStandalone target not found
Refreshing native plugins compatible for Editor in 0.42 ms, found 2 plugins.
Preloading 0 native plugins for Editor in 0.00 ms.
Mono: successfully reloaded assembly
- Completed reload, in  1.359 seconds
Domain Reload Profiling:
	ReloadAssembly (1360ms)
		BeginReloadAssembly (145ms)
			ExecutionOrderSort (0ms)
			DisableScriptedObjects (7ms)
			BackupInstance (0ms)
			ReleaseScriptingObjects (0ms)
			CreateAndSetChildDomain (45ms)
		EndReloadAssembly (1115ms)
			LoadAssemblies (135ms)
			RebuildTransferFunctionScriptingTraits (0ms)
			SetupTypeCache (415ms)
			ReleaseScriptCaches (1ms)
			RebuildScriptCaches (50ms)
			SetupLoadedEditorAssemblies (377ms)
				LogAssemblyErrors (0ms)
				InitializePlatformSupportModulesInManaged (10ms)
				SetLoadedEditorAssemblies (1ms)
				RefreshPlugins (1ms)
				BeforeProcessingInitializeOnLoad (103ms)
				ProcessInitializeOnLoadAttributes (254ms)
				ProcessInitializeOnLoadMethodAttributes (5ms)
				AfterProcessingInitializeOnLoad (3ms)
				EditorAssembliesLoaded (0ms)
			ExecutionOrderSort2 (0ms)
			AwakeInstancesAfterBackupRestoration (9ms)
Platform modules already initialized, skipping
Refreshing native plugins compatible for Editor in 0.41 ms, found 2 plugins.
Preloading 0 native plugins for Editor in 0.00 ms.
Unloading 1406 Unused Serialized files (Serialized files now loaded: 0)
System memory in use before: 65.4 MB.
System memory in use after: 65.5 MB.

Unloading 17 unused Assets to reduce memory usage. Loaded Objects now: 1858.
Total: 3.387100 ms (FindLiveObjects: 0.212500 ms CreateObjectMapping: 0.043800 ms MarkObjects: 3.082000 ms  DeleteObjects: 0.047200 ms)

AssetImportParameters requested are different than current active one (requested -> active):
  custom:framework-win-MediaFoundation: 216162199b28c13a410421893ffa2e32 -> 
  custom:video-decoder-ogg-theora: a1e56fd34408186e4bbccfd4996cb3dc -> 
  custom:container-muxer-webm: aa71ff27fc2769a1b78a27578f13a17b -> 
  custom:container-demuxer-webm: 4f35f7cbe854078d1ac9338744f61a02 -> 
  custom:container-demuxer-ogg: 62fdf1f143b41e24485cea50d1cbac27 -> 
  custom:video-encoder-webm-vp8: eb34c28f22e8b96e1ab97ce403110664 -> 
  custom:video-decoder-webm-vp8: 9c59270c3fd7afecdb556c50c9e8de78 -> 
  custom:audio-decoder-ogg-vorbis: bf7c407c2cedff20999df2af8eb42d56 -> 
  custom:audio-encoder-webm-vorbis: bf7c407c2cedff20999df2af8eb42d56 -> 
========================================================================
Received Prepare
Refreshing native plugins compatible for Editor in 2.64 ms, found 2 plugins.
Preloading 0 native plugins for Editor in 0.00 ms.
Unloading 9 Unused Serialized files (Serialized files now loaded: 0)
System memory in use before: 37.8 MB.
System memory in use after: 37.9 MB.

Unloading 9 unused Assets to reduce memory usage. Loaded Objects now: 1858.
Total: 3.378700 ms (FindLiveObjects: 0.168300 ms CreateObjectMapping: 0.035900 ms MarkObjects: 3.158300 ms  DeleteObjects: 0.015300 ms)

AssetImportParameters requested are different than current active one (requested -> active):
  custom:framework-win-MediaFoundation: 216162199b28c13a410421893ffa2e32 -> 
  custom:video-decoder-ogg-theora: a1e56fd34408186e4bbccfd4996cb3dc -> 
  custom:container-muxer-webm: aa71ff27fc2769a1b78a27578f13a17b -> 
  custom:container-demuxer-webm: 4f35f7cbe854078d1ac9338744f61a02 -> 
  custom:container-demuxer-ogg: 62fdf1f143b41e24485cea50d1cbac27 -> 
  custom:video-encoder-webm-vp8: eb34c28f22e8b96e1ab97ce403110664 -> 
  custom:video-decoder-webm-vp8: 9c59270c3fd7afecdb556c50c9e8de78 -> 
  custom:audio-decoder-ogg-vorbis: bf7c407c2cedff20999df2af8eb42d56 -> 
  custom:audio-encoder-webm-vorbis: bf7c407c2cedff20999df2af8eb42d56 -> 
========================================================================
Received Prepare
Refreshing native plugins compatible for Editor in 2.49 ms, found 2 plugins.
Preloading 0 native plugins for Editor in 0.00 ms.
Unloading 9 Unused Serialized files (Serialized files now loaded: 0)
System memory in use before: 37.8 MB.
System memory in use after: 37.9 MB.

Unloading 9 unused Assets to reduce memory usage. Loaded Objects now: 1858.
Total: 4.716900 ms (FindLiveObjects: 0.194900 ms CreateObjectMapping: 0.044100 ms MarkObjects: 4.429600 ms  DeleteObjects: 0.046200 ms)

AssetImportParameters requested are different than current active one (requested -> active):
  custom:framework-win-MediaFoundation: 216162199b28c13a410421893ffa2e32 -> 
  custom:video-decoder-ogg-theora: a1e56fd34408186e4bbccfd4996cb3dc -> 
  custom:container-muxer-webm: aa71ff27fc2769a1b78a27578f13a17b -> 
  custom:container-demuxer-webm: 4f35f7cbe854078d1ac9338744f61a02 -> 
  custom:container-demuxer-ogg: 62fdf1f143b41e24485cea50d1cbac27 -> 
  custom:video-encoder-webm-vp8: eb34c28f22e8b96e1ab97ce403110664 -> 
  custom:video-decoder-webm-vp8: 9c59270c3fd7afecdb556c50c9e8de78 -> 
  custom:audio-decoder-ogg-vorbis: bf7c407c2cedff20999df2af8eb42d56 -> 
  custom:audio-encoder-webm-vorbis: bf7c407c2cedff20999df2af8eb42d56 -> 
AssetImportWorkerClient::OnTransportError - code=2 error=End of file
